<?xml version="1.0" encoding="UTF-8"?>
<testsuite xmlns:xsi="http://www.w3.org/2001/XMLSchema-instance" xsi:schemaLocation="https://maven.apache.org/surefire/maven-surefire-plugin/xsd/surefire-test-report.xsd" name="test.categorytest.ParameterizedTestIT" time="0.019" tests="5" errors="0" skipped="0" failures="0">
  <properties>
[...]
</properties>
  <testcase name="test_validate[0: testValidate(Belgium januari) == Belgium]" classname="test.categorytest.ParameterizedTestIT" time="0.001"/>
  <testcase name="test_validate[1: testValidate(Afganistan maart) == Afganistan]" classname="test.categorytest.ParameterizedTestIT" time="0"/>
  <testcase name="test_validate[2: testValidate(China mei) == China]" classname="test.categorytest.ParameterizedTestIT" time="0"/>
  <testcase name="test_validate[3: testValidate(Duitsland juni) == Duitsland]" classname="test.categorytest.ParameterizedTestIT" time="0.003"/>
  <testcase name="test_validate[4: testValidate(Griekenland juli) == Griekenland]" classname="test.categorytest.ParameterizedTestIT" time="0.004"/>
</testsuite>